<?xml version="1.0" encoding="UTF-8"?>
<!-- Generated by org.testng.reporters.JUnitReportReporter -->
<testsuite skipped="0" hostname="DESKTOP-6U4JEQB" name="OrangeTest" tests="2" failures="0" timestamp="2022-10-15T21:28:16 IST" time="10.942" errors="0">
  <testcase name="orangeTestDemo" time="5.062" classname="OrangeTest"/>
  <system-out/>
  <testcase name="logoutTest" time="5.880" classname="OrangeTest"/>
  <system-out/>
</testsuite> <!-- OrangeTest -->
